[INFO ] 2024-06-10 10:14:41.249 [main] BDD Automation - Execution of method  I_launch_chrome_Browser has started here..
[INFO ] 2024-06-10 10:14:43.068 [main] BDD Automation - Execution of method  I_launch_chrome_Browser has ended here..
[INFO ] 2024-06-10 10:14:43.071 [main] BDD Automation - Execution of method  I_navigate_url_of_the_application has started here..
[INFO ] 2024-06-10 10:14:52.331 [main] BDD Automation - Execution of method  I_navigate_url_of_the_application has ended here..
[INFO ] 2024-06-10 10:14:52.340 [main] BDD Automation - Execution of method  I_find_the_login_page has started here..
[INFO ] 2024-06-10 10:14:52.361 [main] BDD Automation - Execution of method  I_find_the_login_page has ended here..
[INFO ] 2024-06-10 10:14:52.369 [main] BDD Automation - Execution of method  I_enter_username_in_username_text_field has started here..
[INFO ] 2024-06-10 10:14:52.429 [main] BDD Automation - Execution of method  I_enter_username_in_username_text_field has ended here..
[INFO ] 2024-06-10 10:14:52.430 [main] BDD Automation - Execution of method  I_enter_password_in_password_text_field has started here..
[INFO ] 2024-06-10 10:14:52.533 [main] BDD Automation - Execution of method  I_enter_password_in_password_text_field has ended here..
[INFO ] 2024-06-10 10:14:52.533 [main] BDD Automation - Execution of method  I_click_on_login_button_in_login_page has started here..
[INFO ] 2024-06-10 10:14:57.603 [main] BDD Automation - Execution of method  I_click_on_login_button_in_login_page has ended here..
[INFO ] 2024-06-10 10:14:57.603 [main] BDD Automation - Execution of method  I_minimize_flyout_window has started here..
[INFO ] 2024-06-10 10:14:59.895 [main] BDD Automation - Execution of method  I_minimize_flyout_window has ended here..
[INFO ] 2024-06-10 10:14:59.898 [main] BDD Automation - Execution of method  I_find_the_home_page has started here..
[INFO ] 2024-06-10 10:14:59.950 [main] BDD Automation - Execution of method  I_find_the_home_page has ended here..
[INFO ] 2024-06-10 10:14:59.951 [main] BDD Automation - Execution of method  I_click_on_Users_Menu has started here..
[INFO ] 2024-06-10 10:15:03.714 [main] BDD Automation - Execution of method  I_click_on_Users_Menu has ended here..
[INFO ] 2024-06-10 10:15:03.716 [main] BDD Automation - Execution of method  I_click_on_Add_Users_button has started here..
[INFO ] 2024-06-10 10:15:05.817 [main] BDD Automation - Execution of method  I_click_on_Add_Users_button has ended here..
[INFO ] 2024-06-10 10:15:05.818 [main] BDD Automation - Execution of method  I_enter_firstName_in_firstName_text_field has started here..
[INFO ] 2024-06-10 10:15:05.903 [main] BDD Automation - Execution of method  I_enter_firstName_in_firstName_text_field has ended here..
[INFO ] 2024-06-10 10:15:05.904 [main] BDD Automation - Execution of method  I_enter_lastName_in_lastName_text_field has started here..
[INFO ] 2024-06-10 10:15:05.994 [main] BDD Automation - Execution of method  I_enter_lastName_in_lastName_text_field has ended here..
[INFO ] 2024-06-10 10:15:05.995 [main] BDD Automation - Execution of method  I_enter_email_in_email_text_field has started here..
[INFO ] 2024-06-10 10:15:06.099 [main] BDD Automation - Execution of method  I_enter_email_in_email_text_field has ended here..
[INFO ] 2024-06-10 10:15:06.100 [main] BDD Automation - Execution of method  I_enter_username_in_username_text_field_of_user_page has started here..
[INFO ] 2024-06-10 10:15:06.180 [main] BDD Automation - Execution of method  I_enter_username_in_username_text_field_of_user_page has ended here..
[INFO ] 2024-06-10 10:15:06.181 [main] BDD Automation - Execution of method  I_enter_password_in_password_text_field_of_user_page has started here..
[INFO ] 2024-06-10 10:15:06.262 [main] BDD Automation - Execution of method  I_enter_password_in_password_text_field_of_user_page has ended here..
[INFO ] 2024-06-10 10:15:06.264 [main] BDD Automation - Execution of method  I_enter_retype_password_in_password_text_field_of_user_page has started here..
[INFO ] 2024-06-10 10:15:06.363 [main] BDD Automation - Execution of method  I_enter_retype_password_in_password_text_field_of_user_page has ended here..
[INFO ] 2024-06-10 10:15:06.367 [main] BDD Automation - Execution of method  I_click_on_create_user_button has started here..
[INFO ] 2024-06-10 10:15:11.436 [main] BDD Automation - Execution of method  I_click_on_create_user_button has ended here..
[INFO ] 2024-06-10 10:15:11.437 [main] BDD Automation - Execution of method  I_find_the_UserList_page has started here..
[INFO ] 2024-06-10 10:15:11.452 [main] BDD Automation - Execution of method  I_find_the_UserList_page has ended here..
[INFO ] 2024-06-10 10:15:11.453 [main] BDD Automation - Execution of method  I_click_on_existing_user_in_the_user_list_page has started here..
[INFO ] 2024-06-10 10:15:13.539 [main] BDD Automation - Execution of method  I_click_on_existing_user_in_the_user_list_page has ended here..
[INFO ] 2024-06-10 10:15:13.541 [main] BDD Automation - Execution of method  I_click_on_delete_button has started here..
[INFO ] 2024-06-10 10:15:15.623 [main] BDD Automation - Execution of method  I_click_on_delete_button has ended here..
[INFO ] 2024-06-10 10:15:15.625 [main] BDD Automation - Execution of method  I_click_on_ok_button_in_the_alert_window has started here..
[INFO ] 2024-06-10 10:15:19.670 [main] BDD Automation - Execution of method  I_click_on_ok_button_in_the_alert_window has ended here..
[INFO ] 2024-06-10 10:15:19.672 [main] BDD Automation - Execution of method  I_find_the_UserList_page has started here..
[INFO ] 2024-06-10 10:15:19.685 [main] BDD Automation - Execution of method  I_find_the_UserList_page has ended here..
[INFO ] 2024-06-10 10:15:19.686 [main] BDD Automation - Execution of method  I_click_on_logout_link has started here..
[INFO ] 2024-06-10 10:15:21.893 [main] BDD Automation - Execution of method  I_click_on_logout_link has ended here..
[INFO ] 2024-06-10 10:15:21.894 [main] BDD Automation - Execution of method  I_find_the_login_page has started here..
[INFO ] 2024-06-10 10:15:21.908 [main] BDD Automation - Execution of method  I_find_the_login_page has ended here..
[INFO ] 2024-06-10 10:15:21.909 [main] BDD Automation - Execution of method  I_close_chrome_browser has started here..
[INFO ] 2024-06-10 10:15:22.207 [main] BDD Automation - Execution of method  I_close_chrome_browser has ended here..
[INFO ] 2024-06-10 10:15:22.225 [main] BDD Automation - Execution of method  I_launch_chrome_Browser has started here..
[INFO ] 2024-06-10 10:15:23.506 [main] BDD Automation - Execution of method  I_launch_chrome_Browser has ended here..
[INFO ] 2024-06-10 10:15:23.507 [main] BDD Automation - Execution of method  I_navigate_url_of_the_application has started here..
[INFO ] 2024-06-10 10:15:32.605 [main] BDD Automation - Execution of method  I_navigate_url_of_the_application has ended here..
[INFO ] 2024-06-10 10:15:32.606 [main] BDD Automation - Execution of method  I_find_the_login_page has started here..
[INFO ] 2024-06-10 10:15:32.621 [main] BDD Automation - Execution of method  I_find_the_login_page has ended here..
[INFO ] 2024-06-10 10:15:32.622 [main] BDD Automation - Execution of method  I_enter_username_in_username_text_field has started here..
[INFO ] 2024-06-10 10:15:32.686 [main] BDD Automation - Execution of method  I_enter_username_in_username_text_field has ended here..
[INFO ] 2024-06-10 10:15:32.687 [main] BDD Automation - Execution of method  I_enter_password_in_password_text_field has started here..
[INFO ] 2024-06-10 10:15:32.785 [main] BDD Automation - Execution of method  I_enter_password_in_password_text_field has ended here..
[INFO ] 2024-06-10 10:15:32.786 [main] BDD Automation - Execution of method  I_click_on_login_button_in_login_page has started here..
[INFO ] 2024-06-10 10:15:37.852 [main] BDD Automation - Execution of method  I_click_on_login_button_in_login_page has ended here..
[INFO ] 2024-06-10 10:15:37.853 [main] BDD Automation - Execution of method  I_minimize_flyout_window has started here..
[INFO ] 2024-06-10 10:15:39.908 [main] BDD Automation - Execution of method  I_minimize_flyout_window has ended here..
[INFO ] 2024-06-10 10:15:39.909 [main] BDD Automation - Execution of method  I_find_the_home_page has started here..
[INFO ] 2024-06-10 10:15:39.939 [main] BDD Automation - Execution of method  I_find_the_home_page has ended here..
[INFO ] 2024-06-10 10:15:39.949 [main] BDD Automation - Execution of method  I_find_the_home_page has started here..
[INFO ] 2024-06-10 10:15:39.984 [main] BDD Automation - Execution of method  I_find_the_home_page has ended here..
[INFO ] 2024-06-10 10:15:39.984 [main] BDD Automation - Execution of method  I_click_on_logout_link has started here..
[INFO ] 2024-06-10 10:15:42.205 [main] BDD Automation - Execution of method  I_click_on_logout_link has ended here..
[INFO ] 2024-06-10 10:15:42.206 [main] BDD Automation - Execution of method  I_find_the_login_page has started here..
[INFO ] 2024-06-10 10:15:42.222 [main] BDD Automation - Execution of method  I_find_the_login_page has ended here..
[INFO ] 2024-06-10 10:15:42.224 [main] BDD Automation - Execution of method  I_close_chrome_browser has started here..
[INFO ] 2024-06-10 10:15:42.445 [main] BDD Automation - Execution of method  I_close_chrome_browser has ended here..
[INFO ] 2024-06-10 10:26:49.649 [main] BDD Automation - Execution of method  I_launch_chrome_Browser has started here..
[INFO ] 2024-06-10 10:26:51.682 [main] BDD Automation - Execution of method  I_launch_chrome_Browser has ended here..
[INFO ] 2024-06-10 10:26:51.711 [main] BDD Automation - Execution of method  I_find_the_home_page has started here..
[ERROR] 2024-06-10 10:26:51.740 [main] BDD Automation - There is an exception araised during the execution of Method I_find_the_home_page, Exception :org.openqa.selenium.NoSuchElementException: no such element: Unable to locate element: {"method":"xpath","selector":"//td[text()='Enter Time-Track']"}
  (Session info: chrome=125.0.6422.142)
For documentation on this error, please visit: https://www.selenium.dev/documentation/webdriver/troubleshooting/errors#no-such-element-exception
Build info: version: '4.21.0', revision: '79ed462ef4'
System info: os.name: 'Windows 10', os.arch: 'amd64', os.version: '10.0', java.version: '17.0.9'
Driver info: org.openqa.selenium.chrome.ChromeDriver
Command: [0bd87fcb6a6200b4a36533c806a2e2cf, findElement {value=//td[text()='Enter Time-Track'], using=xpath}]
Capabilities {acceptInsecureCerts: false, browserName: chrome, browserVersion: 125.0.6422.142, chrome: {chromedriverVersion: 125.0.6422.141 (4b1e8393712..., userDataDir: C:\Users\pc3\AppData\Local\...}, fedcm:accounts: true, goog:chromeOptions: {debuggerAddress: localhost:61785}, networkConnectionEnabled: false, pageLoadStrategy: normal, platformName: windows, proxy: Proxy(), se:cdp: ws://localhost:61785/devtoo..., se:cdpVersion: 125.0.6422.142, setWindowRect: true, strictFileInteractability: false, timeouts: {implicit: 0, pageLoad: 300000, script: 30000}, unhandledPromptBehavior: dismiss and notify, webauthn:extension:credBlob: true, webauthn:extension:largeBlob: true, webauthn:extension:minPinLength: true, webauthn:extension:prf: true, webauthn:virtualAuthenticators: true}
Session ID: 0bd87fcb6a6200b4a36533c806a2e2cf
[INFO ] 2024-06-10 10:26:51.740 [main] BDD Automation - Execution of method  I_find_the_home_page has ended here..
[INFO ] 2024-06-10 10:26:51.741 [main] BDD Automation - Execution of method  I_click_on_logout_link has started here..
[ERROR] 2024-06-10 10:26:51.755 [main] BDD Automation - There is an exception araised during the execution of Method I_click_on_logout_link, Exception :org.openqa.selenium.NoSuchElementException: no such element: Unable to locate element: {"method":"css selector","selector":"#logoutLink"}
  (Session info: chrome=125.0.6422.142)
For documentation on this error, please visit: https://www.selenium.dev/documentation/webdriver/troubleshooting/errors#no-such-element-exception
Build info: version: '4.21.0', revision: '79ed462ef4'
System info: os.name: 'Windows 10', os.arch: 'amd64', os.version: '10.0', java.version: '17.0.9'
Driver info: org.openqa.selenium.chrome.ChromeDriver
Command: [0bd87fcb6a6200b4a36533c806a2e2cf, findElement {value=logoutLink, using=id}]
Capabilities {acceptInsecureCerts: false, browserName: chrome, browserVersion: 125.0.6422.142, chrome: {chromedriverVersion: 125.0.6422.141 (4b1e8393712..., userDataDir: C:\Users\pc3\AppData\Local\...}, fedcm:accounts: true, goog:chromeOptions: {debuggerAddress: localhost:61785}, networkConnectionEnabled: false, pageLoadStrategy: normal, platformName: windows, proxy: Proxy(), se:cdp: ws://localhost:61785/devtoo..., se:cdpVersion: 125.0.6422.142, setWindowRect: true, strictFileInteractability: false, timeouts: {implicit: 0, pageLoad: 300000, script: 30000}, unhandledPromptBehavior: dismiss and notify, webauthn:extension:credBlob: true, webauthn:extension:largeBlob: true, webauthn:extension:minPinLength: true, webauthn:extension:prf: true, webauthn:virtualAuthenticators: true}
Session ID: 0bd87fcb6a6200b4a36533c806a2e2cf
[INFO ] 2024-06-10 10:26:51.756 [main] BDD Automation - Execution of method  I_click_on_logout_link has ended here..
[INFO ] 2024-06-10 10:26:51.756 [main] BDD Automation - Execution of method  I_find_the_login_page has started here..
[INFO ] 2024-06-10 10:28:23.691 [main] BDD Automation - Execution of method  I_launch_chrome_Browser has started here..
[INFO ] 2024-06-10 10:28:25.790 [main] BDD Automation - Execution of method  I_launch_chrome_Browser has ended here..
[INFO ] 2024-06-10 10:28:25.823 [main] BDD Automation - Execution of method  I_find_the_home_page has started here..
[ERROR] 2024-06-10 10:28:25.848 [main] BDD Automation - There is an exception araised during the execution of Method I_find_the_home_page, Exception :org.openqa.selenium.NoSuchElementException: no such element: Unable to locate element: {"method":"xpath","selector":"//td[text()='Enter Time-Track']"}
  (Session info: chrome=125.0.6422.142)
For documentation on this error, please visit: https://www.selenium.dev/documentation/webdriver/troubleshooting/errors#no-such-element-exception
Build info: version: '4.21.0', revision: '79ed462ef4'
System info: os.name: 'Windows 10', os.arch: 'amd64', os.version: '10.0', java.version: '17.0.9'
Driver info: org.openqa.selenium.chrome.ChromeDriver
Command: [aefe04453f61b53531f4a44aaf9584f6, findElement {value=//td[text()='Enter Time-Track'], using=xpath}]
Capabilities {acceptInsecureCerts: false, browserName: chrome, browserVersion: 125.0.6422.142, chrome: {chromedriverVersion: 125.0.6422.141 (4b1e8393712..., userDataDir: C:\Users\pc3\AppData\Local\...}, fedcm:accounts: true, goog:chromeOptions: {debuggerAddress: localhost:61812}, networkConnectionEnabled: false, pageLoadStrategy: normal, platformName: windows, proxy: Proxy(), se:cdp: ws://localhost:61812/devtoo..., se:cdpVersion: 125.0.6422.142, setWindowRect: true, strictFileInteractability: false, timeouts: {implicit: 0, pageLoad: 300000, script: 30000}, unhandledPromptBehavior: dismiss and notify, webauthn:extension:credBlob: true, webauthn:extension:largeBlob: true, webauthn:extension:minPinLength: true, webauthn:extension:prf: true, webauthn:virtualAuthenticators: true}
Session ID: aefe04453f61b53531f4a44aaf9584f6
[INFO ] 2024-06-10 10:28:25.849 [main] BDD Automation - Execution of method  I_find_the_home_page has ended here..
[INFO ] 2024-06-10 10:28:25.849 [main] BDD Automation - Execution of method  I_click_on_logout_link has started here..
[ERROR] 2024-06-10 10:28:25.862 [main] BDD Automation - There is an exception araised during the execution of Method I_click_on_logout_link, Exception :org.openqa.selenium.NoSuchElementException: no such element: Unable to locate element: {"method":"css selector","selector":"#logoutLink"}
  (Session info: chrome=125.0.6422.142)
For documentation on this error, please visit: https://www.selenium.dev/documentation/webdriver/troubleshooting/errors#no-such-element-exception
Build info: version: '4.21.0', revision: '79ed462ef4'
System info: os.name: 'Windows 10', os.arch: 'amd64', os.version: '10.0', java.version: '17.0.9'
Driver info: org.openqa.selenium.chrome.ChromeDriver
Command: [aefe04453f61b53531f4a44aaf9584f6, findElement {value=logoutLink, using=id}]
Capabilities {acceptInsecureCerts: false, browserName: chrome, browserVersion: 125.0.6422.142, chrome: {chromedriverVersion: 125.0.6422.141 (4b1e8393712..., userDataDir: C:\Users\pc3\AppData\Local\...}, fedcm:accounts: true, goog:chromeOptions: {debuggerAddress: localhost:61812}, networkConnectionEnabled: false, pageLoadStrategy: normal, platformName: windows, proxy: Proxy(), se:cdp: ws://localhost:61812/devtoo..., se:cdpVersion: 125.0.6422.142, setWindowRect: true, strictFileInteractability: false, timeouts: {implicit: 0, pageLoad: 300000, script: 30000}, unhandledPromptBehavior: dismiss and notify, webauthn:extension:credBlob: true, webauthn:extension:largeBlob: true, webauthn:extension:minPinLength: true, webauthn:extension:prf: true, webauthn:virtualAuthenticators: true}
Session ID: aefe04453f61b53531f4a44aaf9584f6
[INFO ] 2024-06-10 10:28:25.863 [main] BDD Automation - Execution of method  I_click_on_logout_link has ended here..
[INFO ] 2024-06-10 10:28:25.863 [main] BDD Automation - Execution of method  I_find_the_login_page has started here..
[INFO ] 2024-06-10 10:29:37.694 [main] BDD Automation - Execution of method  I_launch_chrome_Browser has started here..
[INFO ] 2024-06-10 10:29:39.389 [main] BDD Automation - Execution of method  I_launch_chrome_Browser has ended here..
[INFO ] 2024-06-10 10:29:39.393 [main] BDD Automation - Execution of method  I_navigate_url_of_the_application has started here..
[INFO ] 2024-06-10 10:29:48.037 [main] BDD Automation - Execution of method  I_navigate_url_of_the_application has ended here..
[INFO ] 2024-06-10 10:29:48.047 [main] BDD Automation - Execution of method  I_find_the_login_page has started here..
[INFO ] 2024-06-10 10:29:48.070 [main] BDD Automation - Execution of method  I_find_the_login_page has ended here..
[INFO ] 2024-06-10 10:29:48.072 [main] BDD Automation - Execution of method  I_enter_username_in_username_text_field has started here..
[INFO ] 2024-06-10 10:29:48.137 [main] BDD Automation - Execution of method  I_enter_username_in_username_text_field has ended here..
[INFO ] 2024-06-10 10:29:48.138 [main] BDD Automation - Execution of method  I_enter_password_in_password_text_field has started here..
[INFO ] 2024-06-10 10:29:48.241 [main] BDD Automation - Execution of method  I_enter_password_in_password_text_field has ended here..
[INFO ] 2024-06-10 10:29:48.242 [main] BDD Automation - Execution of method  I_click_on_login_button_in_login_page has started here..
[INFO ] 2024-06-10 10:29:53.302 [main] BDD Automation - Execution of method  I_click_on_login_button_in_login_page has ended here..
[INFO ] 2024-06-10 10:29:53.303 [main] BDD Automation - Execution of method  I_minimize_flyout_window has started here..
[INFO ] 2024-06-10 10:29:55.368 [main] BDD Automation - Execution of method  I_minimize_flyout_window has ended here..
[INFO ] 2024-06-10 10:29:55.371 [main] BDD Automation - Execution of method  I_find_the_home_page has started here..
[INFO ] 2024-06-10 10:29:55.426 [main] BDD Automation - Execution of method  I_find_the_home_page has ended here..
[INFO ] 2024-06-10 10:29:55.439 [main] BDD Automation - Execution of method  I_find_the_home_page has started here..
[INFO ] 2024-06-10 10:29:55.464 [main] BDD Automation - Execution of method  I_find_the_home_page has ended here..
[INFO ] 2024-06-10 10:29:55.464 [main] BDD Automation - Execution of method  I_click_on_logout_link has started here..
[INFO ] 2024-06-10 10:29:57.738 [main] BDD Automation - Execution of method  I_click_on_logout_link has ended here..
[INFO ] 2024-06-10 10:29:57.739 [main] BDD Automation - Execution of method  I_find_the_login_page has started here..
[INFO ] 2024-06-10 10:29:57.755 [main] BDD Automation - Execution of method  I_find_the_login_page has ended here..
[INFO ] 2024-06-10 10:29:57.756 [main] BDD Automation - Execution of method  I_close_chrome_browser has started here..
[INFO ] 2024-06-10 10:29:58.037 [main] BDD Automation - Execution of method  I_close_chrome_browser has ended here..
[INFO ] 2024-06-10 10:31:01.628 [main] BDD Automation - Execution of method  I_launch_chrome_Browser has started here..
[INFO ] 2024-06-10 10:31:03.528 [main] BDD Automation - Execution of method  I_launch_chrome_Browser has ended here..
[INFO ] 2024-06-10 10:31:03.533 [main] BDD Automation - Execution of method  I_navigate_url_of_the_application has started here..
[INFO ] 2024-06-10 10:31:12.485 [main] BDD Automation - Execution of method  I_navigate_url_of_the_application has ended here..
[INFO ] 2024-06-10 10:31:12.495 [main] BDD Automation - Execution of method  I_find_the_login_page has started here..
[INFO ] 2024-06-10 10:31:12.517 [main] BDD Automation - Execution of method  I_find_the_login_page has ended here..
[INFO ] 2024-06-10 10:31:12.519 [main] BDD Automation - Execution of method  I_enter_username_in_username_text_field has started here..
[INFO ] 2024-06-10 10:31:12.605 [main] BDD Automation - Execution of method  I_enter_username_in_username_text_field has ended here..
[INFO ] 2024-06-10 10:31:12.606 [main] BDD Automation - Execution of method  I_enter_password_in_password_text_field has started here..
[INFO ] 2024-06-10 10:31:12.716 [main] BDD Automation - Execution of method  I_enter_password_in_password_text_field has ended here..
[INFO ] 2024-06-10 10:31:12.717 [main] BDD Automation - Execution of method  I_click_on_login_button_in_login_page has started here..
[INFO ] 2024-06-10 10:31:17.790 [main] BDD Automation - Execution of method  I_click_on_login_button_in_login_page has ended here..
[INFO ] 2024-06-10 10:31:17.791 [main] BDD Automation - Execution of method  I_minimize_flyout_window has started here..
[INFO ] 2024-06-10 10:31:19.853 [main] BDD Automation - Execution of method  I_minimize_flyout_window has ended here..
[INFO ] 2024-06-10 10:31:19.854 [main] BDD Automation - Execution of method  I_find_the_home_page has started here..
[INFO ] 2024-06-10 10:31:19.894 [main] BDD Automation - Execution of method  I_find_the_home_page has ended here..
[INFO ] 2024-06-10 10:31:19.909 [main] BDD Automation - Execution of method  I_find_the_home_page has started here..
[INFO ] 2024-06-10 10:31:19.936 [main] BDD Automation - Execution of method  I_find_the_home_page has ended here..
[INFO ] 2024-06-10 10:31:19.937 [main] BDD Automation - Execution of method  I_click_on_logout_link has started here..
[INFO ] 2024-06-10 10:31:22.132 [main] BDD Automation - Execution of method  I_click_on_logout_link has ended here..
[INFO ] 2024-06-10 10:31:22.133 [main] BDD Automation - Execution of method  I_find_the_login_page has started here..
[INFO ] 2024-06-10 10:31:22.149 [main] BDD Automation - Execution of method  I_find_the_login_page has ended here..
[INFO ] 2024-06-10 10:31:22.150 [main] BDD Automation - Execution of method  I_close_chrome_browser has started here..
[INFO ] 2024-06-10 10:31:22.383 [main] BDD Automation - Execution of method  I_close_chrome_browser has ended here..
[INFO ] 2024-06-10 10:45:35.696 [main] BDD Automation - Execution of method  I_launch_chrome_Browser has started here..
[INFO ] 2024-06-10 10:45:37.462 [main] BDD Automation - Execution of method  I_launch_chrome_Browser has ended here..
[INFO ] 2024-06-10 10:45:37.466 [main] BDD Automation - Execution of method  I_navigate_url_of_the_application has started here..
[INFO ] 2024-06-10 10:45:46.879 [main] BDD Automation - Execution of method  I_navigate_url_of_the_application has ended here..
[INFO ] 2024-06-10 10:45:46.889 [main] BDD Automation - Execution of method  I_find_the_login_page has started here..
[INFO ] 2024-06-10 10:45:46.911 [main] BDD Automation - Execution of method  I_find_the_login_page has ended here..
[INFO ] 2024-06-10 10:45:46.912 [main] BDD Automation - Execution of method  I_enter_username_in_username_text_field has started here..
[INFO ] 2024-06-10 10:45:46.971 [main] BDD Automation - Execution of method  I_enter_username_in_username_text_field has ended here..
[INFO ] 2024-06-10 10:45:46.972 [main] BDD Automation - Execution of method  I_enter_password_in_password_text_field has started here..
[INFO ] 2024-06-10 10:45:47.072 [main] BDD Automation - Execution of method  I_enter_password_in_password_text_field has ended here..
[INFO ] 2024-06-10 10:45:47.073 [main] BDD Automation - Execution of method  I_click_on_login_button_in_login_page has started here..
[INFO ] 2024-06-10 10:45:52.136 [main] BDD Automation - Execution of method  I_click_on_login_button_in_login_page has ended here..
[INFO ] 2024-06-10 10:45:52.137 [main] BDD Automation - Execution of method  I_minimize_flyout_window has started here..
[INFO ] 2024-06-10 10:45:54.202 [main] BDD Automation - Execution of method  I_minimize_flyout_window has ended here..
[INFO ] 2024-06-10 10:45:54.204 [main] BDD Automation - Execution of method  I_find_the_home_page has started here..
[INFO ] 2024-06-10 10:45:54.238 [main] BDD Automation - Execution of method  I_find_the_home_page has ended here..
[INFO ] 2024-06-10 10:45:54.250 [main] BDD Automation - Execution of method  I_find_the_home_page has started here..
[INFO ] 2024-06-10 10:45:54.278 [main] BDD Automation - Execution of method  I_find_the_home_page has ended here..
[INFO ] 2024-06-10 10:45:54.278 [main] BDD Automation - Execution of method  I_click_on_logout_link has started here..
[INFO ] 2024-06-10 10:45:56.472 [main] BDD Automation - Execution of method  I_click_on_logout_link has ended here..
[INFO ] 2024-06-10 10:45:56.473 [main] BDD Automation - Execution of method  I_find_the_login_page has started here..
[INFO ] 2024-06-10 10:45:56.480 [main] BDD Automation - Execution of method  I_find_the_login_page has ended here..
[INFO ] 2024-06-10 10:45:56.480 [main] BDD Automation - Execution of method  I_close_chrome_browser has started here..
[INFO ] 2024-06-10 10:45:56.708 [main] BDD Automation - Execution of method  I_close_chrome_browser has ended here..
[INFO ] 2024-06-10 10:46:36.693 [main] BDD Automation - Execution of method  I_launch_chrome_Browser has started here..
[INFO ] 2024-06-10 10:46:38.479 [main] BDD Automation - Execution of method  I_launch_chrome_Browser has ended here..
[INFO ] 2024-06-10 10:46:38.482 [main] BDD Automation - Execution of method  I_navigate_url_of_the_application has started here..
[INFO ] 2024-06-10 10:46:47.693 [main] BDD Automation - Execution of method  I_navigate_url_of_the_application has ended here..
[INFO ] 2024-06-10 10:46:47.706 [main] BDD Automation - Execution of method  I_find_the_login_page has started here..
[INFO ] 2024-06-10 10:46:47.737 [main] BDD Automation - Execution of method  I_find_the_login_page has ended here..
[INFO ] 2024-06-10 10:46:47.738 [main] BDD Automation - Execution of method  I_enter_username_in_username_text_field has started here..
[INFO ] 2024-06-10 10:46:47.804 [main] BDD Automation - Execution of method  I_enter_username_in_username_text_field has ended here..
[INFO ] 2024-06-10 10:46:47.805 [main] BDD Automation - Execution of method  I_enter_password_in_password_text_field has started here..
[INFO ] 2024-06-10 10:46:47.909 [main] BDD Automation - Execution of method  I_enter_password_in_password_text_field has ended here..
[INFO ] 2024-06-10 10:46:47.910 [main] BDD Automation - Execution of method  I_click_on_login_button_in_login_page has started here..
[INFO ] 2024-06-10 10:46:52.993 [main] BDD Automation - Execution of method  I_click_on_login_button_in_login_page has ended here..
[INFO ] 2024-06-10 10:46:52.994 [main] BDD Automation - Execution of method  I_minimize_flyout_window has started here..
[INFO ] 2024-06-10 10:46:55.078 [main] BDD Automation - Execution of method  I_minimize_flyout_window has ended here..
[INFO ] 2024-06-10 10:46:55.080 [main] BDD Automation - Execution of method  I_find_the_home_page has started here..
[INFO ] 2024-06-10 10:46:55.144 [main] BDD Automation - Execution of method  I_find_the_home_page has ended here..
[INFO ] 2024-06-10 10:46:55.145 [main] BDD Automation - Execution of method  I_click_on_Users_Menu has started here..
[INFO ] 2024-06-10 10:46:58.761 [main] BDD Automation - Execution of method  I_click_on_Users_Menu has ended here..
[INFO ] 2024-06-10 10:46:58.763 [main] BDD Automation - Execution of method  I_click_on_Add_Users_button has started here..
[INFO ] 2024-06-10 10:47:00.864 [main] BDD Automation - Execution of method  I_click_on_Add_Users_button has ended here..
[INFO ] 2024-06-10 10:47:00.866 [main] BDD Automation - Execution of method  I_enter_firstName_in_firstName_text_field has started here..
[INFO ] 2024-06-10 10:47:00.947 [main] BDD Automation - Execution of method  I_enter_firstName_in_firstName_text_field has ended here..
[INFO ] 2024-06-10 10:47:00.948 [main] BDD Automation - Execution of method  I_enter_lastName_in_lastName_text_field has started here..
[INFO ] 2024-06-10 10:47:01.040 [main] BDD Automation - Execution of method  I_enter_lastName_in_lastName_text_field has ended here..
[INFO ] 2024-06-10 10:47:01.041 [main] BDD Automation - Execution of method  I_enter_email_in_email_text_field has started here..
[INFO ] 2024-06-10 10:47:01.154 [main] BDD Automation - Execution of method  I_enter_email_in_email_text_field has ended here..
[INFO ] 2024-06-10 10:47:01.155 [main] BDD Automation - Execution of method  I_enter_username_in_username_text_field_of_user_page has started here..
[INFO ] 2024-06-10 10:47:01.238 [main] BDD Automation - Execution of method  I_enter_username_in_username_text_field_of_user_page has ended here..
[INFO ] 2024-06-10 10:47:01.239 [main] BDD Automation - Execution of method  I_enter_password_in_password_text_field_of_user_page has started here..
[INFO ] 2024-06-10 10:47:01.321 [main] BDD Automation - Execution of method  I_enter_password_in_password_text_field_of_user_page has ended here..
[INFO ] 2024-06-10 10:47:01.323 [main] BDD Automation - Execution of method  I_enter_retype_password_in_password_text_field_of_user_page has started here..
[INFO ] 2024-06-10 10:47:01.404 [main] BDD Automation - Execution of method  I_enter_retype_password_in_password_text_field_of_user_page has ended here..
[INFO ] 2024-06-10 10:47:01.408 [main] BDD Automation - Execution of method  I_click_on_create_user_button has started here..
[INFO ] 2024-06-10 10:47:06.479 [main] BDD Automation - Execution of method  I_click_on_create_user_button has ended here..
[INFO ] 2024-06-10 10:47:06.480 [main] BDD Automation - Execution of method  I_find_the_UserList_page has started here..
[INFO ] 2024-06-10 10:47:06.494 [main] BDD Automation - Execution of method  I_find_the_UserList_page has ended here..
[INFO ] 2024-06-10 10:47:06.495 [main] BDD Automation - Execution of method  I_click_on_existing_user_in_the_user_list_page has started here..
[INFO ] 2024-06-10 10:47:08.584 [main] BDD Automation - Execution of method  I_click_on_existing_user_in_the_user_list_page has ended here..
[INFO ] 2024-06-10 10:47:08.585 [main] BDD Automation - Execution of method  I_click_on_delete_button has started here..
[INFO ] 2024-06-10 10:47:10.681 [main] BDD Automation - Execution of method  I_click_on_delete_button has ended here..
[INFO ] 2024-06-10 10:47:10.682 [main] BDD Automation - Execution of method  I_click_on_ok_button_in_the_alert_window has started here..
[INFO ] 2024-06-10 10:47:14.754 [main] BDD Automation - Execution of method  I_click_on_ok_button_in_the_alert_window has ended here..
[INFO ] 2024-06-10 10:47:14.755 [main] BDD Automation - Execution of method  I_find_the_UserList_page has started here..
[INFO ] 2024-06-10 10:47:14.768 [main] BDD Automation - Execution of method  I_find_the_UserList_page has ended here..
[INFO ] 2024-06-10 10:47:14.769 [main] BDD Automation - Execution of method  I_click_on_logout_link has started here..
[INFO ] 2024-06-10 10:47:16.983 [main] BDD Automation - Execution of method  I_click_on_logout_link has ended here..
[INFO ] 2024-06-10 10:47:16.984 [main] BDD Automation - Execution of method  I_find_the_login_page has started here..
[INFO ] 2024-06-10 10:47:16.998 [main] BDD Automation - Execution of method  I_find_the_login_page has ended here..
[INFO ] 2024-06-10 10:47:17.000 [main] BDD Automation - Execution of method  I_close_chrome_browser has started here..
[INFO ] 2024-06-10 10:47:17.348 [main] BDD Automation - Execution of method  I_close_chrome_browser has ended here..
[INFO ] 2024-06-10 10:47:17.360 [main] BDD Automation - Execution of method  I_launch_chrome_Browser has started here..
[INFO ] 2024-06-10 10:47:18.485 [main] BDD Automation - Execution of method  I_launch_chrome_Browser has ended here..
[INFO ] 2024-06-10 10:47:18.486 [main] BDD Automation - Execution of method  I_navigate_url_of_the_application has started here..
[INFO ] 2024-06-10 10:47:27.164 [main] BDD Automation - Execution of method  I_navigate_url_of_the_application has ended here..
[INFO ] 2024-06-10 10:47:27.165 [main] BDD Automation - Execution of method  I_find_the_login_page has started here..
[INFO ] 2024-06-10 10:47:27.172 [main] BDD Automation - Execution of method  I_find_the_login_page has ended here..
[INFO ] 2024-06-10 10:47:27.173 [main] BDD Automation - Execution of method  I_enter_username_in_username_text_field has started here..
[INFO ] 2024-06-10 10:47:27.231 [main] BDD Automation - Execution of method  I_enter_username_in_username_text_field has ended here..
[INFO ] 2024-06-10 10:47:27.232 [main] BDD Automation - Execution of method  I_enter_password_in_password_text_field has started here..
[INFO ] 2024-06-10 10:47:27.328 [main] BDD Automation - Execution of method  I_enter_password_in_password_text_field has ended here..
[INFO ] 2024-06-10 10:47:27.329 [main] BDD Automation - Execution of method  I_click_on_login_button_in_login_page has started here..
[INFO ] 2024-06-10 10:47:32.407 [main] BDD Automation - Execution of method  I_click_on_login_button_in_login_page has ended here..
[INFO ] 2024-06-10 10:47:32.410 [main] BDD Automation - Execution of method  I_minimize_flyout_window has started here..
[INFO ] 2024-06-10 10:47:34.477 [main] BDD Automation - Execution of method  I_minimize_flyout_window has ended here..
[INFO ] 2024-06-10 10:47:34.478 [main] BDD Automation - Execution of method  I_find_the_home_page has started here..
[INFO ] 2024-06-10 10:47:34.531 [main] BDD Automation - Execution of method  I_find_the_home_page has ended here..
[INFO ] 2024-06-10 10:47:34.537 [main] BDD Automation - Execution of method  I_find_the_home_page has started here..
[INFO ] 2024-06-10 10:47:34.564 [main] BDD Automation - Execution of method  I_find_the_home_page has ended here..
[INFO ] 2024-06-10 10:47:34.564 [main] BDD Automation - Execution of method  I_click_on_logout_link has started here..
[INFO ] 2024-06-10 10:47:36.751 [main] BDD Automation - Execution of method  I_click_on_logout_link has ended here..
[INFO ] 2024-06-10 10:47:36.753 [main] BDD Automation - Execution of method  I_find_the_login_page has started here..
[INFO ] 2024-06-10 10:47:36.766 [main] BDD Automation - Execution of method  I_find_the_login_page has ended here..
[INFO ] 2024-06-10 10:47:36.767 [main] BDD Automation - Execution of method  I_close_chrome_browser has started here..
[INFO ] 2024-06-10 10:47:37.083 [main] BDD Automation - Execution of method  I_close_chrome_browser has ended here..
[INFO ] 2024-06-10 10:57:42.308 [main] BDD Automation - Execution of method  I_launch_chrome_Browser has started here..
[INFO ] 2024-06-10 10:57:44.300 [main] BDD Automation - Execution of method  I_launch_chrome_Browser has ended here..
[INFO ] 2024-06-10 10:57:44.303 [main] BDD Automation - Execution of method  I_navigate_url_of_the_application has started here..
[INFO ] 2024-06-10 10:57:51.284 [main] BDD Automation - Execution of method  I_navigate_url_of_the_application has ended here..
[INFO ] 2024-06-10 10:57:51.292 [main] BDD Automation - Execution of method  I_find_the_login_page has started here..
[INFO ] 2024-06-10 10:57:51.314 [main] BDD Automation - Execution of method  I_find_the_login_page has ended here..
[INFO ] 2024-06-10 10:57:51.315 [main] BDD Automation - Execution of method  I_enter_username_in_username_text_field has started here..
[INFO ] 2024-06-10 10:57:51.378 [main] BDD Automation - Execution of method  I_enter_username_in_username_text_field has ended here..
[INFO ] 2024-06-10 10:57:51.379 [main] BDD Automation - Execution of method  I_enter_password_in_password_text_field has started here..
[INFO ] 2024-06-10 10:57:51.478 [main] BDD Automation - Execution of method  I_enter_password_in_password_text_field has ended here..
[INFO ] 2024-06-10 10:57:51.479 [main] BDD Automation - Execution of method  I_click_on_login_button_in_login_page has started here..
[INFO ] 2024-06-10 10:57:56.546 [main] BDD Automation - Execution of method  I_click_on_login_button_in_login_page has ended here..
[INFO ] 2024-06-10 10:57:56.549 [main] BDD Automation - Execution of method  I_minimize_flyout_window has started here..
[INFO ] 2024-06-10 10:57:58.647 [main] BDD Automation - Execution of method  I_minimize_flyout_window has ended here..
[INFO ] 2024-06-10 10:57:58.648 [main] BDD Automation - Execution of method  I_find_the_home_page has started here..
[INFO ] 2024-06-10 10:57:58.684 [main] BDD Automation - Execution of method  I_find_the_home_page has ended here..
[INFO ] 2024-06-10 10:57:58.684 [main] BDD Automation - Execution of method  I_click_on_Users_Menu has started here..
[INFO ] 2024-06-10 10:58:03.629 [main] BDD Automation - Execution of method  I_click_on_Users_Menu has ended here..
[INFO ] 2024-06-10 10:58:03.631 [main] BDD Automation - Execution of method  I_click_on_Add_Users_button has started here..
[INFO ] 2024-06-10 10:58:05.735 [main] BDD Automation - Execution of method  I_click_on_Add_Users_button has ended here..
[INFO ] 2024-06-10 10:58:05.736 [main] BDD Automation - Execution of method  I_enter_firstName_in_firstName_text_field has started here..
[INFO ] 2024-06-10 10:58:05.833 [main] BDD Automation - Execution of method  I_enter_firstName_in_firstName_text_field has ended here..
[INFO ] 2024-06-10 10:58:05.835 [main] BDD Automation - Execution of method  I_enter_lastName_in_lastName_text_field has started here..
[INFO ] 2024-06-10 10:58:05.932 [main] BDD Automation - Execution of method  I_enter_lastName_in_lastName_text_field has ended here..
[INFO ] 2024-06-10 10:58:05.934 [main] BDD Automation - Execution of method  I_enter_email_in_email_text_field has started here..
[INFO ] 2024-06-10 10:58:06.026 [main] BDD Automation - Execution of method  I_enter_email_in_email_text_field has ended here..
[INFO ] 2024-06-10 10:58:06.028 [main] BDD Automation - Execution of method  I_enter_username_in_username_text_field_of_user_page has started here..
[INFO ] 2024-06-10 10:58:06.109 [main] BDD Automation - Execution of method  I_enter_username_in_username_text_field_of_user_page has ended here..
[INFO ] 2024-06-10 10:58:06.109 [main] BDD Automation - Execution of method  I_enter_password_in_password_text_field_of_user_page has started here..
[INFO ] 2024-06-10 10:58:06.191 [main] BDD Automation - Execution of method  I_enter_password_in_password_text_field_of_user_page has ended here..
[INFO ] 2024-06-10 10:58:06.192 [main] BDD Automation - Execution of method  I_enter_retype_password_in_password_text_field_of_user_page has started here..
[INFO ] 2024-06-10 10:58:06.284 [main] BDD Automation - Execution of method  I_enter_retype_password_in_password_text_field_of_user_page has ended here..
[INFO ] 2024-06-10 10:58:06.287 [main] BDD Automation - Execution of method  I_click_on_create_user_button has started here..
[INFO ] 2024-06-10 10:58:11.355 [main] BDD Automation - Execution of method  I_click_on_create_user_button has ended here..
[INFO ] 2024-06-10 10:58:11.355 [main] BDD Automation - Execution of method  I_find_the_UserList_page has started here..
[INFO ] 2024-06-10 10:58:11.369 [main] BDD Automation - Execution of method  I_find_the_UserList_page has ended here..
[INFO ] 2024-06-10 10:58:11.371 [main] BDD Automation - Execution of method  I_click_on_existing_user_in_the_user_list_page has started here..
[INFO ] 2024-06-10 10:58:13.488 [main] BDD Automation - Execution of method  I_click_on_existing_user_in_the_user_list_page has ended here..
[INFO ] 2024-06-10 10:58:13.489 [main] BDD Automation - Execution of method  I_click_on_delete_button has started here..
[INFO ] 2024-06-10 10:58:15.573 [main] BDD Automation - Execution of method  I_click_on_delete_button has ended here..
[INFO ] 2024-06-10 10:58:15.574 [main] BDD Automation - Execution of method  I_click_on_ok_button_in_the_alert_window has started here..
[INFO ] 2024-06-10 10:58:19.605 [main] BDD Automation - Execution of method  I_click_on_ok_button_in_the_alert_window has ended here..
[INFO ] 2024-06-10 10:58:19.606 [main] BDD Automation - Execution of method  I_find_the_UserList_page has started here..
[INFO ] 2024-06-10 10:58:19.620 [main] BDD Automation - Execution of method  I_find_the_UserList_page has ended here..
[INFO ] 2024-06-10 10:58:19.621 [main] BDD Automation - Execution of method  I_click_on_logout_link has started here..
[INFO ] 2024-06-10 10:58:21.835 [main] BDD Automation - Execution of method  I_click_on_logout_link has ended here..
[INFO ] 2024-06-10 10:58:21.836 [main] BDD Automation - Execution of method  I_find_the_login_page has started here..
[INFO ] 2024-06-10 10:58:21.851 [main] BDD Automation - Execution of method  I_find_the_login_page has ended here..
[INFO ] 2024-06-10 10:58:21.852 [main] BDD Automation - Execution of method  I_close_chrome_browser has started here..
[INFO ] 2024-06-10 10:58:22.153 [main] BDD Automation - Execution of method  I_close_chrome_browser has ended here..
[INFO ] 2024-06-10 10:59:59.759 [main] BDD Automation - Execution of method  I_launch_chrome_Browser has started here..
[INFO ] 2024-06-10 11:00:01.587 [main] BDD Automation - Execution of method  I_launch_chrome_Browser has ended here..
[INFO ] 2024-06-10 11:00:01.592 [main] BDD Automation - Execution of method  I_navigate_url_of_the_application has started here..
[INFO ] 2024-06-10 11:00:11.467 [main] BDD Automation - Execution of method  I_navigate_url_of_the_application has ended here..
[INFO ] 2024-06-10 11:00:11.472 [main] BDD Automation - Execution of method  I_find_the_login_page has started here..
[INFO ] 2024-06-10 11:00:11.484 [main] BDD Automation - Execution of method  I_find_the_login_page has ended here..
[INFO ] 2024-06-10 11:00:11.485 [main] BDD Automation - Execution of method  I_enter_username_in_username_text_field has started here..
[INFO ] 2024-06-10 11:00:11.549 [main] BDD Automation - Execution of method  I_enter_username_in_username_text_field has ended here..
[INFO ] 2024-06-10 11:00:11.550 [main] BDD Automation - Execution of method  I_enter_password_in_password_text_field has started here..
[INFO ] 2024-06-10 11:00:11.654 [main] BDD Automation - Execution of method  I_enter_password_in_password_text_field has ended here..
[INFO ] 2024-06-10 11:00:11.655 [main] BDD Automation - Execution of method  I_click_on_login_button_in_login_page has started here..
[INFO ] 2024-06-10 11:00:16.727 [main] BDD Automation - Execution of method  I_click_on_login_button_in_login_page has ended here..
[INFO ] 2024-06-10 11:00:16.728 [main] BDD Automation - Execution of method  I_minimize_flyout_window has started here..
[INFO ] 2024-06-10 11:00:18.847 [main] BDD Automation - Execution of method  I_minimize_flyout_window has ended here..
[INFO ] 2024-06-10 11:00:18.849 [main] BDD Automation - Execution of method  I_find_the_home_page has started here..
[INFO ] 2024-06-10 11:00:18.895 [main] BDD Automation - Execution of method  I_find_the_home_page has ended here..
[INFO ] 2024-06-10 11:00:18.895 [main] BDD Automation - Execution of method  I_click_on_Users_Menu has started here..
[INFO ] 2024-06-10 11:00:22.323 [main] BDD Automation - Execution of method  I_click_on_Users_Menu has ended here..
[INFO ] 2024-06-10 11:00:22.324 [main] BDD Automation - Execution of method  I_click_on_Add_Users_button has started here..
[INFO ] 2024-06-10 11:00:24.422 [main] BDD Automation - Execution of method  I_click_on_Add_Users_button has ended here..
[INFO ] 2024-06-10 11:00:24.423 [main] BDD Automation - Execution of method  I_enter_firstName_in_firstName_text_field has started here..
[INFO ] 2024-06-10 11:00:24.523 [main] BDD Automation - Execution of method  I_enter_firstName_in_firstName_text_field has ended here..
[INFO ] 2024-06-10 11:00:24.524 [main] BDD Automation - Execution of method  I_enter_lastName_in_lastName_text_field has started here..
[INFO ] 2024-06-10 11:00:24.616 [main] BDD Automation - Execution of method  I_enter_lastName_in_lastName_text_field has ended here..
[INFO ] 2024-06-10 11:00:24.617 [main] BDD Automation - Execution of method  I_enter_email_in_email_text_field has started here..
[INFO ] 2024-06-10 11:00:24.726 [main] BDD Automation - Execution of method  I_enter_email_in_email_text_field has ended here..
[INFO ] 2024-06-10 11:00:24.727 [main] BDD Automation - Execution of method  I_enter_username_in_username_text_field_of_user_page has started here..
[INFO ] 2024-06-10 11:00:24.808 [main] BDD Automation - Execution of method  I_enter_username_in_username_text_field_of_user_page has ended here..
[INFO ] 2024-06-10 11:00:24.809 [main] BDD Automation - Execution of method  I_enter_password_in_password_text_field_of_user_page has started here..
[INFO ] 2024-06-10 11:00:24.889 [main] BDD Automation - Execution of method  I_enter_password_in_password_text_field_of_user_page has ended here..
[INFO ] 2024-06-10 11:00:24.890 [main] BDD Automation - Execution of method  I_enter_retype_password_in_password_text_field_of_user_page has started here..
[INFO ] 2024-06-10 11:00:24.982 [main] BDD Automation - Execution of method  I_enter_retype_password_in_password_text_field_of_user_page has ended here..
[INFO ] 2024-06-10 11:00:24.985 [main] BDD Automation - Execution of method  I_click_on_create_user_button has started here..
[INFO ] 2024-06-10 11:00:30.063 [main] BDD Automation - Execution of method  I_click_on_create_user_button has ended here..
[INFO ] 2024-06-10 11:00:30.064 [main] BDD Automation - Execution of method  I_find_the_UserList_page has started here..
[INFO ] 2024-06-10 11:00:30.082 [main] BDD Automation - Execution of method  I_find_the_UserList_page has ended here..
[INFO ] 2024-06-10 11:00:30.084 [main] BDD Automation - Execution of method  I_click_on_existing_user_in_the_user_list_page has started here..
[INFO ] 2024-06-10 11:00:32.168 [main] BDD Automation - Execution of method  I_click_on_existing_user_in_the_user_list_page has ended here..
[INFO ] 2024-06-10 11:00:32.169 [main] BDD Automation - Execution of method  I_click_on_delete_button has started here..
[INFO ] 2024-06-10 11:00:34.271 [main] BDD Automation - Execution of method  I_click_on_delete_button has ended here..
[INFO ] 2024-06-10 11:00:34.272 [main] BDD Automation - Execution of method  I_click_on_ok_button_in_the_alert_window has started here..
[INFO ] 2024-06-10 11:00:38.324 [main] BDD Automation - Execution of method  I_click_on_ok_button_in_the_alert_window has ended here..
[INFO ] 2024-06-10 11:00:38.325 [main] BDD Automation - Execution of method  I_find_the_UserList_page has started here..
[INFO ] 2024-06-10 11:00:38.340 [main] BDD Automation - Execution of method  I_find_the_UserList_page has ended here..
[INFO ] 2024-06-10 11:00:38.342 [main] BDD Automation - Execution of method  I_click_on_logout_link has started here..
[INFO ] 2024-06-10 11:00:40.531 [main] BDD Automation - Execution of method  I_click_on_logout_link has ended here..
[INFO ] 2024-06-10 11:00:40.532 [main] BDD Automation - Execution of method  I_find_the_login_page has started here..
[INFO ] 2024-06-10 11:00:40.546 [main] BDD Automation - Execution of method  I_find_the_login_page has ended here..
[INFO ] 2024-06-10 11:00:40.547 [main] BDD Automation - Execution of method  I_close_chrome_browser has started here..
[INFO ] 2024-06-10 11:00:40.971 [main] BDD Automation - Execution of method  I_close_chrome_browser has ended here..
[INFO ] 2024-06-10 11:00:40.985 [main] BDD Automation - Execution of method  I_launch_chrome_Browser has started here..
[INFO ] 2024-06-10 11:00:42.153 [main] BDD Automation - Execution of method  I_launch_chrome_Browser has ended here..
[INFO ] 2024-06-10 11:00:42.154 [main] BDD Automation - Execution of method  I_navigate_url_of_the_application has started here..
[INFO ] 2024-06-10 11:00:51.231 [main] BDD Automation - Execution of method  I_navigate_url_of_the_application has ended here..
[INFO ] 2024-06-10 11:00:51.232 [main] BDD Automation - Execution of method  I_find_the_login_page has started here..
[INFO ] 2024-06-10 11:00:51.248 [main] BDD Automation - Execution of method  I_find_the_login_page has ended here..
[INFO ] 2024-06-10 11:00:51.249 [main] BDD Automation - Execution of method  I_enter_username_in_username_text_field has started here..
[INFO ] 2024-06-10 11:00:51.315 [main] BDD Automation - Execution of method  I_enter_username_in_username_text_field has ended here..
[INFO ] 2024-06-10 11:00:51.316 [main] BDD Automation - Execution of method  I_enter_password_in_password_text_field has started here..
[INFO ] 2024-06-10 11:00:51.407 [main] BDD Automation - Execution of method  I_enter_password_in_password_text_field has ended here..
[INFO ] 2024-06-10 11:00:51.408 [main] BDD Automation - Execution of method  I_click_on_login_button_in_login_page has started here..
[INFO ] 2024-06-10 11:00:56.466 [main] BDD Automation - Execution of method  I_click_on_login_button_in_login_page has ended here..
[INFO ] 2024-06-10 11:00:56.467 [main] BDD Automation - Execution of method  I_minimize_flyout_window has started here..
[INFO ] 2024-06-10 11:00:58.555 [main] BDD Automation - Execution of method  I_minimize_flyout_window has ended here..
[INFO ] 2024-06-10 11:00:58.556 [main] BDD Automation - Execution of method  I_find_the_home_page has started here..
[INFO ] 2024-06-10 11:00:58.585 [main] BDD Automation - Execution of method  I_find_the_home_page has ended here..
[INFO ] 2024-06-10 11:00:58.586 [main] BDD Automation - Execution of method  I_click_on_Users_Menu has started here..
[INFO ] 2024-06-10 11:01:01.708 [main] BDD Automation - Execution of method  I_click_on_Users_Menu has ended here..
[INFO ] 2024-06-10 11:01:01.709 [main] BDD Automation - Execution of method  I_click_on_Add_Users_button has started here..
[INFO ] 2024-06-10 11:01:03.817 [main] BDD Automation - Execution of method  I_click_on_Add_Users_button has ended here..
[INFO ] 2024-06-10 11:01:03.818 [main] BDD Automation - Execution of method  I_enter_firstName_in_firstName_text_field has started here..
[INFO ] 2024-06-10 11:01:03.927 [main] BDD Automation - Execution of method  I_enter_firstName_in_firstName_text_field has ended here..
[INFO ] 2024-06-10 11:01:03.928 [main] BDD Automation - Execution of method  I_enter_lastName_in_lastName_text_field has started here..
[INFO ] 2024-06-10 11:01:04.019 [main] BDD Automation - Execution of method  I_enter_lastName_in_lastName_text_field has ended here..
[INFO ] 2024-06-10 11:01:04.020 [main] BDD Automation - Execution of method  I_enter_email_in_email_text_field has started here..
[INFO ] 2024-06-10 11:01:04.118 [main] BDD Automation - Execution of method  I_enter_email_in_email_text_field has ended here..
[INFO ] 2024-06-10 11:01:04.119 [main] BDD Automation - Execution of method  I_enter_username_in_username_text_field_of_user_page has started here..
[INFO ] 2024-06-10 11:01:04.204 [main] BDD Automation - Execution of method  I_enter_username_in_username_text_field_of_user_page has ended here..
[INFO ] 2024-06-10 11:01:04.204 [main] BDD Automation - Execution of method  I_enter_password_in_password_text_field_of_user_page has started here..
[INFO ] 2024-06-10 11:01:04.289 [main] BDD Automation - Execution of method  I_enter_password_in_password_text_field_of_user_page has ended here..
[INFO ] 2024-06-10 11:01:04.290 [main] BDD Automation - Execution of method  I_enter_retype_password_in_password_text_field_of_user_page has started here..
[INFO ] 2024-06-10 11:01:04.378 [main] BDD Automation - Execution of method  I_enter_retype_password_in_password_text_field_of_user_page has ended here..
[INFO ] 2024-06-10 11:01:04.379 [main] BDD Automation - Execution of method  I_click_on_create_user_button has started here..
[INFO ] 2024-06-10 11:01:09.445 [main] BDD Automation - Execution of method  I_click_on_create_user_button has ended here..
[INFO ] 2024-06-10 11:01:09.446 [main] BDD Automation - Execution of method  I_find_the_UserList_page has started here..
[INFO ] 2024-06-10 11:01:09.459 [main] BDD Automation - Execution of method  I_find_the_UserList_page has ended here..
[INFO ] 2024-06-10 11:01:09.460 [main] BDD Automation - Execution of method  I_click_on_existing_user_in_the_user_list_page has started here..
[INFO ] 2024-06-10 11:01:11.551 [main] BDD Automation - Execution of method  I_click_on_existing_user_in_the_user_list_page has ended here..
[INFO ] 2024-06-10 11:01:11.552 [main] BDD Automation - Execution of method  I_click_on_delete_button has started here..
[INFO ] 2024-06-10 11:01:13.650 [main] BDD Automation - Execution of method  I_click_on_delete_button has ended here..
[INFO ] 2024-06-10 11:01:13.651 [main] BDD Automation - Execution of method  I_click_on_ok_button_in_the_alert_window has started here..
[INFO ] 2024-06-10 11:01:17.686 [main] BDD Automation - Execution of method  I_click_on_ok_button_in_the_alert_window has ended here..
[INFO ] 2024-06-10 11:01:17.687 [main] BDD Automation - Execution of method  I_find_the_UserList_page has started here..
[INFO ] 2024-06-10 11:01:17.702 [main] BDD Automation - Execution of method  I_find_the_UserList_page has ended here..
[INFO ] 2024-06-10 11:01:17.704 [main] BDD Automation - Execution of method  I_click_on_logout_link has started here..
[INFO ] 2024-06-10 11:01:19.887 [main] BDD Automation - Execution of method  I_click_on_logout_link has ended here..
[INFO ] 2024-06-10 11:01:19.888 [main] BDD Automation - Execution of method  I_find_the_login_page has started here..
[INFO ] 2024-06-10 11:01:19.900 [main] BDD Automation - Execution of method  I_find_the_login_page has ended here..
[INFO ] 2024-06-10 11:01:19.901 [main] BDD Automation - Execution of method  I_close_chrome_browser has started here..
[INFO ] 2024-06-10 11:01:20.265 [main] BDD Automation - Execution of method  I_close_chrome_browser has ended here..
